Drill Listing
=============
Drill: .026  Tool: 1  Feed: 197  Speed: 550
X 009500  Y 007750
X 009500  Y 008750
X 009550  Y 010350
X 010050  Y 010850
X 010050  Y 009850
X 010200  Y 008250
X 010050  Y 012850
X 010050  Y 011850
X 010050  Y 014850
X 010050  Y 013850
X 009350  Y 014350
X 009350  Y 012350
X 004900  Y 020800
X 004900  Y 021400
Drill: .035  Tool: 2  Feed: 197  Speed: 550
X 009650  Y 005650
X 009650  Y 006650
X 010900  Y 005650
X 010900  Y 006650
X 021150  Y 015650
X 019650  Y 016650
X 019650  Y 017650
X 012350  Y 015900
X 012350  Y 016900
X 011850  Y 017900
X 008850  Y 017900
X 008350  Y 015900
X 008350  Y 016900
X 008850  Y 019900
X 008850  Y 018900
X 008850  Y 020900
X 011850  Y 018900
X 011850  Y 019900
X 011850  Y 020900
X 019650  Y 018650
X 021150  Y 019650
Drill: .038  Tool: 3  Feed: 197  Speed: 550
X 002900  Y 003400
X 003900  Y 003400
X 004900  Y 003400
X 005900  Y 003400
X 006900  Y 003400
X 007900  Y 003400
X 008900  Y 003400
X 009900  Y 003400
X 010900  Y 003400
X 011900  Y 003400
X 012900  Y 003400
X 013900  Y 003400
X 014900  Y 003400
X 015900  Y 003400
X 016900  Y 003400
X 017900  Y 003400
X 018900  Y 003400
X 019900  Y 003400
X 020900  Y 003400
X 021900  Y 003400
X 018150  Y 007150
X 018150  Y 008150
X 018150  Y 006150
X 015150  Y 006150
X 015150  Y 007150
X 015150  Y 008150
X 012150  Y 007900
X 008400  Y 007900
X 005650  Y 010100
X 006650  Y 009550
X 006650  Y 010640
X 008400  Y 009900
X 008400  Y 008900
X 012150  Y 009900
X 012150  Y 008900
X 015150  Y 009150
X 015150  Y 010150
X 018150  Y 009150
X 018150  Y 010150
X 018150  Y 011150
X 018150  Y 012150
X 018150  Y 013150
X 015150  Y 011150
X 015150  Y 013150
X 015150  Y 012150
X 012150  Y 010900
X 012150  Y 011900
X 012150  Y 012900
X 008400  Y 010900
X 008400  Y 012900
X 008400  Y 011900
X 006650  Y 011730
X 006650  Y 012820
X 005650  Y 011190
X 005650  Y 013370
X 005650  Y 012280
X 006650  Y 013910
X 008400  Y 013900
X 008400  Y 014900
X 012150  Y 013900
X 012150  Y 014900
X 015150  Y 015150
X 015150  Y 014150
X 018150  Y 015150
X 018150  Y 014150
X 018150  Y 017150
X 018150  Y 016150
X 018150  Y 018150
X 018150  Y 019150
X 015150  Y 018150
X 015150  Y 016150
X 015150  Y 019150
X 015150  Y 017150
Drill: .055  Tool: 4  Feed: 107  Speed: 550
X 003900  Y 019200
X 004900  Y 019200
X 005900  Y 019200
Drill: .14  Tool: 5  Feed: 035  Speed: 900
X 006150  Y 006800
X 006150  Y 016660
End of Listing
